<?xml version="1.0" encoding="utf-8" standalone="no"?>
<!--This file represents the results of running a test suite-->
<test-results name="C:\Users\Korisnik1\Documents\Visual Studio 2015\Projects\RomanNumbers2\BLLTests\bin\Debug\BLLTests.dll" total="59" errors="0" failures="0" not-run="0" inconclusive="0" ignored="0" skipped="0" invalid="0" date="2015-12-31" time="11:22:43">
  <environment nunit-version="2.6.4.14350" clr-version="2.0.50727.8009" os-version="Microsoft Windows NT 6.2.9200.0" platform="Win32NT" cwd="C:\Program Files (x86)\NUnit 2.6.4\bin" machine-name="KORISNIK" user="Korisnik1" user-domain="Korisnik" />
  <culture-info current-culture="hr-BA" current-uiculture="en-US" />
  <test-suite type="Assembly" name="C:\Users\Korisnik1\Documents\Visual Studio 2015\Projects\RomanNumbers2\BLLTests\bin\Debug\BLLTests.dll" executed="True" result="Success" success="True" time="0.099" asserts="0">
    <results>
      <test-suite type="Namespace" name="BLLTests" executed="True" result="Success" success="True" time="0.099" asserts="0">
        <results>
          <test-suite type="TestFixture" name="IntToRomanTests" executed="True" result="Success" success="True" time="0.014" asserts="0">
            <results>
              <test-suite type="ParameterizedTest" name="Convert_InputOutOfRange_ThrowException" executed="True" result="Success" success="True" time="0.004" asserts="0">
                <results>
                  <test-case name="BLLTests.IntToRomanTests.Convert_InputOutOfRange_ThrowException(-100)" executed="True" result="Success" success="True" time="0.000" asserts="0" />
                  <test-case name="BLLTests.IntToRomanTests.Convert_InputOutOfRange_ThrowException(0)" executed="True" result="Success" success="True" time="0.000" asserts="0" />
                  <test-case name="BLLTests.IntToRomanTests.Convert_InputOutOfRange_ThrowException(4000)" executed="True" result="Success" success="True" time="0.000" asserts="0" />
                </results>
              </test-suite>
              <test-case name="BLLTests.IntToRomanTests.ConvertAnyBetween_10_and_100" executed="True" result="Success" success="True" time="0.000" asserts="3" />
              <test-case name="BLLTests.IntToRomanTests.ConvertAnyBetween_100_and_1000" executed="True" result="Success" success="True" time="0.000" asserts="3" />
              <test-case name="BLLTests.IntToRomanTests.ConvertAnyBetween_1000_and_3999" executed="True" result="Success" success="True" time="0.000" asserts="4" />
              <test-case name="BLLTests.IntToRomanTests.ConvertBasicNumbersToRoman" executed="True" result="Success" success="True" time="0.000" asserts="14" />
              <test-case name="BLLTests.IntToRomanTests.ConvertHundreedsUpTo1000" executed="True" result="Success" success="True" time="0.000" asserts="8" />
              <test-case name="BLLTests.IntToRomanTests.ConvertTensUpTo100" executed="True" result="Success" success="True" time="0.000" asserts="8" />
            </results>
          </test-suite>
          <test-suite type="TestFixture" name="RomanToIntTests" executed="True" result="Success" success="True" time="0.082" asserts="0">
            <results>
              <test-case name="BLLTests.RomanToIntTests.ConverNumberBetween_11_and_20" executed="True" result="Success" success="True" time="0.000" asserts="1" />
              <test-case name="BLLTests.RomanToIntTests.ConverNumberBetween_20_and_30" executed="True" result="Success" success="True" time="0.000" asserts="1" />
              <test-case name="BLLTests.RomanToIntTests.ConverNumberBetween_30_and_40" executed="True" result="Success" success="True" time="0.000" asserts="2" />
              <test-case name="BLLTests.RomanToIntTests.ConverNumberBetween_40_and_50" executed="True" result="Success" success="True" time="0.000" asserts="1" />
              <test-case name="BLLTests.RomanToIntTests.ConverNumberBetween_50_and_60" executed="True" result="Success" success="True" time="0.000" asserts="2" />
              <test-case name="BLLTests.RomanToIntTests.ConverNumberBetween_60_and_70" executed="True" result="Success" success="True" time="0.000" asserts="1" />
              <test-case name="BLLTests.RomanToIntTests.ConverNumberBetween_70_and_80" executed="True" result="Success" success="True" time="0.000" asserts="2" />
              <test-case name="BLLTests.RomanToIntTests.ConverNumberBetween_80_and_90" executed="True" result="Success" success="True" time="0.000" asserts="2" />
              <test-case name="BLLTests.RomanToIntTests.ConverNumberBetween_90_and_100" executed="True" result="Success" success="True" time="0.000" asserts="1" />
              <test-case name="BLLTests.RomanToIntTests.Convert_DCD_ThrowException" executed="True" result="Success" success="True" time="0.000" asserts="0" />
              <test-case name="BLLTests.RomanToIntTests.Convert_LXL_ThrowException" executed="True" result="Success" success="True" time="0.001" asserts="0" />
              <test-case name="BLLTests.RomanToIntTests.Convert_XM_ThrowException" executed="True" result="Success" success="True" time="0.000" asserts="0" />
              <test-case name="BLLTests.RomanToIntTests.ConvertBasicRomanNumbersToInt" executed="True" result="Success" success="True" time="0.000" asserts="5" />
              <test-case name="BLLTests.RomanToIntTests.ConvertNumber_1100" executed="True" result="Success" success="True" time="0.000" asserts="1" />
              <test-case name="BLLTests.RomanToIntTests.ConvertNumber_120_130" executed="True" result="Success" success="True" time="0.000" asserts="2" />
              <test-case name="BLLTests.RomanToIntTests.ConvertNumber_140" executed="True" result="Success" success="True" time="0.000" asserts="2" />
              <test-case name="BLLTests.RomanToIntTests.ConvertNumber_1455" executed="True" result="Success" success="True" time="0.000" asserts="1" />
              <test-case name="BLLTests.RomanToIntTests.ConvertNumber_150" executed="True" result="Success" success="True" time="0.000" asserts="2" />
              <test-case name="BLLTests.RomanToIntTests.ConvertNumber_160_180" executed="True" result="Success" success="True" time="0.000" asserts="2" />
              <test-case name="BLLTests.RomanToIntTests.ConvertNumber_190_199" executed="True" result="Success" success="True" time="0.000" asserts="1" />
              <test-case name="BLLTests.RomanToIntTests.ConvertNumber_200_240" executed="True" result="Success" success="True" time="0.000" asserts="2" />
              <test-case name="BLLTests.RomanToIntTests.ConvertNumber_240_280" executed="True" result="Success" success="True" time="0.000" asserts="2" />
              <test-case name="BLLTests.RomanToIntTests.ConvertNumber_290_300" executed="True" result="Success" success="True" time="0.000" asserts="1" />
              <test-case name="BLLTests.RomanToIntTests.ConvertNumber_2999" executed="True" result="Success" success="True" time="0.000" asserts="1" />
              <test-case name="BLLTests.RomanToIntTests.ConvertNumber_333" executed="True" result="Success" success="True" time="0.000" asserts="1" />
              <test-case name="BLLTests.RomanToIntTests.ConvertNumber_3999" executed="True" result="Success" success="True" time="0.000" asserts="1" />
              <test-case name="BLLTests.RomanToIntTests.ConvertNumber_400_500" executed="True" result="Success" success="True" time="0.000" asserts="2" />
              <test-case name="BLLTests.RomanToIntTests.ConvertNumber_500_900" executed="True" result="Success" success="True" time="0.000" asserts="1" />
              <test-case name="BLLTests.RomanToIntTests.ConvertNumber_900_1000" executed="True" result="Success" success="True" time="0.000" asserts="1" />
              <test-case name="BLLTests.RomanToIntTests.ConvertNumberBetween_100_and_110" executed="True" result="Success" success="True" time="0.000" asserts="3" />
              <test-suite type="ParameterizedTest" name="InvalidCharactersInput_ReturnArgumentException" executed="True" result="Success" success="True" time="0.004" asserts="0">
                <results>
                  <test-case name="BLLTests.RomanToIntTests.InvalidCharactersInput_ReturnArgumentException(&quot;&quot;)" executed="True" result="Success" success="True" time="0.000" asserts="0" />
                  <test-case name="BLLTests.RomanToIntTests.InvalidCharactersInput_ReturnArgumentException(&quot;I I&quot;)" executed="True" result="Success" success="True" time="0.000" asserts="0" />
                  <test-case name="BLLTests.RomanToIntTests.InvalidCharactersInput_ReturnArgumentException(&quot;c M V I&quot;)" executed="True" result="Success" success="True" time="0.000" asserts="0" />
                </results>
              </test-suite>
              <test-suite type="ParameterizedTest" name="MultipleSameCharacters_ThrowException" executed="True" result="Success" success="True" time="0.010" asserts="0">
                <results>
                  <test-case name="BLLTests.RomanToIntTests.MultipleSameCharacters_ThrowException(&quot;IIII&quot;)" executed="True" result="Success" success="True" time="0.000" asserts="0" />
                  <test-case name="BLLTests.RomanToIntTests.MultipleSameCharacters_ThrowException(&quot;XXXX&quot;)" executed="True" result="Success" success="True" time="0.000" asserts="0" />
                  <test-case name="BLLTests.RomanToIntTests.MultipleSameCharacters_ThrowException(&quot;CCCC&quot;)" executed="True" result="Success" success="True" time="0.000" asserts="0" />
                  <test-case name="BLLTests.RomanToIntTests.MultipleSameCharacters_ThrowException(&quot;MMMM&quot;)" executed="True" result="Success" success="True" time="0.000" asserts="0" />
                  <test-case name="BLLTests.RomanToIntTests.MultipleSameCharacters_ThrowException(&quot;DD&quot;)" executed="True" result="Success" success="True" time="0.000" asserts="0" />
                  <test-case name="BLLTests.RomanToIntTests.MultipleSameCharacters_ThrowException(&quot;LL&quot;)" executed="True" result="Success" success="True" time="0.000" asserts="0" />
                </results>
              </test-suite>
              <test-case name="BLLTests.RomanToIntTests.NullInput_ReturnNullException" executed="True" result="Success" success="True" time="0.000" asserts="0" />
              <test-suite type="ParameterizedTest" name="RandomCorruptedNumbers_ThrowException" executed="True" result="Success" success="True" time="0.017" asserts="0">
                <results>
                  <test-case name="BLLTests.RomanToIntTests.RandomCorruptedNumbers_ThrowException(&quot;MMMCMM&quot;)" executed="True" result="Success" success="True" time="0.000" asserts="0" />
                  <test-case name="BLLTests.RomanToIntTests.RandomCorruptedNumbers_ThrowException(&quot;CCDCC&quot;)" executed="True" result="Success" success="True" time="0.000" asserts="0" />
                  <test-case name="BLLTests.RomanToIntTests.RandomCorruptedNumbers_ThrowException(&quot;CDC&quot;)" executed="True" result="Success" success="True" time="0.000" asserts="0" />
                  <test-case name="BLLTests.RomanToIntTests.RandomCorruptedNumbers_ThrowException(&quot;LCX&quot;)" executed="True" result="Success" success="True" time="0.000" asserts="0" />
                  <test-case name="BLLTests.RomanToIntTests.RandomCorruptedNumbers_ThrowException(&quot;IIX&quot;)" executed="True" result="Success" success="True" time="0.000" asserts="0" />
                  <test-case name="BLLTests.RomanToIntTests.RandomCorruptedNumbers_ThrowException(&quot;IXI&quot;)" executed="True" result="Success" success="True" time="0.000" asserts="0" />
                  <test-case name="BLLTests.RomanToIntTests.RandomCorruptedNumbers_ThrowException(&quot;XIIV&quot;)" executed="True" result="Success" success="True" time="0.000" asserts="0" />
                  <test-case name="BLLTests.RomanToIntTests.RandomCorruptedNumbers_ThrowException(&quot;IXIL&quot;)" executed="True" result="Success" success="True" time="0.000" asserts="0" />
                  <test-case name="BLLTests.RomanToIntTests.RandomCorruptedNumbers_ThrowException(&quot;CXIL&quot;)" executed="True" result="Success" success="True" time="0.000" asserts="0" />
                  <test-case name="BLLTests.RomanToIntTests.RandomCorruptedNumbers_ThrowException(&quot;DM&quot;)" executed="True" result="Success" success="True" time="0.000" asserts="0" />
                </results>
              </test-suite>
            </results>
          </test-suite>
        </results>
      </test-suite>
    </results>
  </test-suite>
</test-results>